============================= test session starts =============================
platform win32 -- Python 3.12.9, pytest-9.0.2, pluggy-1.6.0
rootdir: C:\Users\ASUS\Downloads\vs code\.vscode\python\Amadeus-AI
configfile: pyproject.toml
plugins: anyio-4.12.1, asyncio-1.3.0, cov-7.0.0
asyncio: mode=Mode.AUTO, debug=False, asyncio_default_fixture_loop_scope=function, asyncio_default_test_loop_scope=function
collected 21 items

tests\unit\test_authentication.py ........                               [ 38%]
tests\unit\test_llm_router.py .........                                  [ 80%]
tests\unit\test_amadeus_service_errors.py ....                           [100%]

============================= 21 passed in 1.03s ==============================
