2025-11-23 19:16:31,225 - Amadeus - WARNING - Optional API key 'NEWS_API_KEY' not configured
2025-11-23 19:16:31,226 - Amadeus - WARNING - Optional API key 'WEATHER_API_KEY' not configured
2025-11-23 19:16:31,226 - Amadeus - INFO - API keys validated successfully
2025-11-23 19:16:31,226 - Amadeus - INFO - Gemini API configured successfully
2025-11-23 19:16:31,317 - Amadeus - INFO - Amadeus initialized with 24 tools
2025-11-23 19:16:36,713 - Amadeus - INFO - Initializing database...
2025-11-23 19:16:42,522 - faster_whisper - INFO - Processing audio with duration 00:01.742
2025-11-23 19:16:43,319 - faster_whisper - INFO - Detected language 'en' with probability 0.46
2025-11-23 19:16:44,312 - Amadeus - INFO - Processing command: How are you?...
2025-11-23 19:16:46,559 - Amadeus - INFO - Tool selection: conversational (confidence: 1.0)
2025-11-23 19:16:53,071 - faster_whisper - INFO - Processing audio with duration 00:03.901
2025-11-23 19:16:53,807 - faster_whisper - INFO - Detected language 'bn' with probability 0.38
2025-11-23 19:16:54,627 - Amadeus - INFO - Processing command: Why aren't you talking?...
2025-11-23 19:16:55,731 - Amadeus - INFO - Tool selection: conversational (confidence: 1.0)
2025-11-23 19:17:00,438 - faster_whisper - INFO - Processing audio with duration 00:02.113
2025-11-23 19:17:01,249 - faster_whisper - INFO - Detected language 'en' with probability 0.21
2025-11-23 19:17:02,157 - Amadeus - INFO - Processing command: Oh boy, this is so fun....
2025-11-23 19:17:03,236 - Amadeus - INFO - Tool selection: conversational (confidence: 1.0)
2025-11-23 19:17:07,914 - faster_whisper - INFO - Processing audio with duration 00:02.392
2025-11-23 19:17:08,608 - faster_whisper - INFO - Detected language 'en' with probability 0.69
2025-11-23 19:17:09,387 - Amadeus - INFO - Processing command: boy what can you do...
2025-11-23 19:17:10,312 - Amadeus - INFO - Tool selection: conversational (confidence: 1.0)
2025-11-23 19:17:18,225 - faster_whisper - INFO - Processing audio with duration 00:05.178
2025-11-23 19:17:19,006 - faster_whisper - INFO - Detected language 'en' with probability 0.67
2025-11-23 19:17:20,019 - Amadeus - INFO - Processing command: Okay, now so it's okay, tell me about Alexander th...
2025-11-23 19:17:21,020 - Amadeus - INFO - Tool selection: wikipedia_search (confidence: 0.95)
2025-11-23 19:17:21,021 - Amadeus - INFO - Executing tool 'wikipedia_search' with args: {'query': 'Alexander the Great'} (attempt 1)
2025-11-23 19:17:26,361 - faster_whisper - INFO - Processing audio with duration 00:03.622
2025-11-23 19:17:27,057 - faster_whisper - INFO - Detected language 'en' with probability 0.77
2025-11-23 19:17:29,507 - Amadeus - INFO - Processing command: We can build ya as leaving Errol....
2025-11-23 19:17:30,435 - Amadeus - INFO - Tool selection: conversational (confidence: 1.0)
2025-11-23 19:17:37,882 - faster_whisper - INFO - Processing audio with duration 00:04.714
2025-11-23 19:17:38,595 - faster_whisper - INFO - Detected language 'ko' with probability 0.36
2025-11-23 19:17:40,691 - Amadeus - INFO - Processing command: 어, 오케이....
2025-11-23 19:17:41,673 - Amadeus - INFO - Tool selection: conversational (confidence: 1.0)
2025-11-23 19:17:48,378 - faster_whisper - INFO - Processing audio with duration 00:03.901
2025-11-23 19:17:49,090 - faster_whisper - INFO - Detected language 'en' with probability 0.31
2025-11-23 19:17:49,877 - Amadeus - INFO - Processing command: write a good for python...
2025-11-23 19:17:50,876 - Amadeus - INFO - Tool selection: conversational (confidence: 1.0)
2025-11-23 19:17:58,412 - faster_whisper - INFO - Processing audio with duration 00:04.969
2025-11-23 19:17:59,099 - faster_whisper - INFO - Detected language 'en' with probability 0.46
2025-11-23 19:17:59,905 - Amadeus - INFO - Processing command: Right a good for coding python for...
2025-11-23 19:18:01,176 - Amadeus - INFO - Tool selection: open_website (confidence: 0.7)
2025-11-23 19:18:01,177 - Amadeus - INFO - Executing tool 'open_website' with args: {'query': 'good for coding python for'} (attempt 1)
2025-11-23 19:18:04,853 - faster_whisper - INFO - Processing audio with duration 00:01.416
2025-11-23 19:18:07,688 - faster_whisper - INFO - Detected language 'en' with probability 0.30
2025-11-23 19:18:12,303 - faster_whisper - INFO - Processing audio with duration 00:01.811
2025-11-23 19:18:13,014 - faster_whisper - INFO - Detected language 'en' with probability 0.75
2025-11-23 19:18:14,582 - Amadeus - INFO - Processing command: System in Python....
2025-11-23 19:18:15,643 - Amadeus - INFO - Tool selection: system_status (confidence: 0.7)
2025-11-23 19:18:15,645 - Amadeus - INFO - Executing tool 'system_status' with args: {} (attempt 1)
2025-11-23 19:18:23,657 - faster_whisper - INFO - Processing audio with duration 00:04.574
2025-11-23 19:18:24,353 - faster_whisper - INFO - Detected language 'te' with probability 0.57
2025-11-23 19:18:30,415 - faster_whisper - INFO - Processing audio with duration 00:01.788
2025-11-23 19:18:31,118 - faster_whisper - INFO - Detected language 'nn' with probability 0.34
2025-11-23 19:18:37,598 - Amadeus - WARNING - Speech recognition timeout
2025-11-23 19:18:41,625 - faster_whisper - INFO - Processing audio with duration 00:01.974
2025-11-23 19:18:42,347 - faster_whisper - INFO - Detected language 'en' with probability 0.50
2025-11-23 19:18:43,152 - Amadeus - INFO - Processing command: Good for Python....
2025-11-23 19:18:44,434 - Amadeus - INFO - Tool selection: open_website (confidence: 0.7)
2025-11-23 19:18:44,434 - Amadeus - INFO - Executing tool 'open_website' with args: {'query': 'best IDE or tools for Python development'} (attempt 1)
2025-11-23 19:18:49,278 - faster_whisper - INFO - Processing audio with duration 00:01.579
2025-11-23 19:18:51,839 - faster_whisper - INFO - Detected language 'nn' with probability 0.33
2025-11-23 19:19:00,383 - faster_whisper - INFO - Processing audio with duration 00:05.364
2025-11-23 19:19:01,266 - faster_whisper - INFO - Detected language 'en' with probability 0.63
2025-11-23 19:19:02,202 - Amadeus - INFO - Processing command: Okay, okay, okay, boy.  Oh, systems stats....
2025-11-23 19:19:03,206 - Amadeus - INFO - Tool selection: system_status (confidence: 0.95)
2025-11-23 19:19:03,207 - Amadeus - INFO - Executing tool 'system_status' with args: {} (attempt 1)
2025-11-23 19:19:10,049 - faster_whisper - INFO - Processing audio with duration 00:01.788
2025-11-23 19:19:10,759 - faster_whisper - INFO - Detected language 'en' with probability 0.49
2025-11-23 19:19:11,553 - Amadeus - INFO - Processing command: What is the battery percentage?...
2025-11-23 19:19:12,704 - Amadeus - INFO - Tool selection: system_status (confidence: 0.8)
2025-11-23 19:19:12,705 - Amadeus - INFO - Executing tool 'system_status' with args: {} (attempt 1)
2025-11-23 19:19:17,634 - faster_whisper - INFO - Processing audio with duration 00:01.509
2025-11-23 19:19:18,341 - faster_whisper - INFO - Detected language 'en' with probability 0.35
2025-11-23 19:19:20,697 - Amadeus - INFO - Processing command: See you next time....
2025-11-23 19:19:22,102 - Amadeus - INFO - Tool selection: conversational (confidence: 1.0)
2025-11-23 19:19:27,099 - faster_whisper - INFO - Processing audio with duration 00:02.368
2025-11-23 19:19:27,853 - faster_whisper - INFO - Detected language 'ml' with probability 0.39
2025-11-23 19:19:29,671 - Amadeus - INFO - Processing command: ....
2025-11-23 19:19:31,030 - Amadeus - INFO - Tool selection: conversational (confidence: 1.0)
2025-11-23 19:19:35,389 - faster_whisper - INFO - Processing audio with duration 00:01.927
2025-11-23 19:19:36,103 - faster_whisper - INFO - Detected language 'en' with probability 0.71
2025-11-23 19:19:38,145 - Amadeus - INFO - Processing command: Read, fine....
2025-11-23 19:19:39,342 - Amadeus - INFO - Tool selection: read_file (confidence: 0.6)
2025-11-23 19:19:39,343 - Amadeus - INFO - Executing tool 'read_file' with args: {'file_path': 'fine'} (attempt 1)
2025-11-23 19:19:45,250 - faster_whisper - INFO - Processing audio with duration 00:04.249
2025-11-23 19:19:45,956 - faster_whisper - INFO - Detected language 'en' with probability 0.84
2025-11-23 19:19:46,771 - Amadeus - INFO - Processing command: Why doesn't exist okay?...
2025-11-23 19:19:48,013 - Amadeus - INFO - Tool selection: open_website (confidence: 0.95)
2025-11-23 19:19:48,014 - Amadeus - INFO - Executing tool 'open_website' with args: {'query': "Why doesn't exist okay?"} (attempt 1)
2025-11-23 19:19:52,106 - faster_whisper - INFO - Processing audio with duration 00:01.486
2025-11-23 19:19:53,161 - faster_whisper - INFO - Detected language 'nn' with probability 0.33
2025-11-23 19:19:57,767 - faster_whisper - INFO - Processing audio with duration 00:02.438
2025-11-23 19:19:58,557 - faster_whisper - INFO - Detected language 'en' with probability 0.54
2025-11-23 19:19:59,366 - Amadeus - INFO - Processing command: Slide it....
2025-11-23 19:20:00,402 - Amadeus - INFO - Tool selection: conversational (confidence: 0.8)
2025-11-23 19:20:06,905 - faster_whisper - INFO - Processing audio with duration 00:03.971
2025-11-23 19:20:07,664 - faster_whisper - INFO - Detected language 'en' with probability 0.40
2025-11-23 19:20:09,619 - Amadeus - INFO - Processing command: Surge folder...
2025-11-23 19:20:10,632 - Amadeus - INFO - Tool selection: search_file (confidence: 0.7)
2025-11-23 19:20:10,633 - Amadeus - INFO - Executing tool 'search_file' with args: {'file_name': 'Surge'} (attempt 1)
2025-11-23 19:20:40,166 - Amadeus - WARNING - Command timeout: Surge folder
2025-11-23 19:20:42,830 - faster_whisper - INFO - Processing audio with duration 00:01.532
2025-11-23 19:20:43,649 - faster_whisper - INFO - Detected language 'en' with probability 0.28
2025-11-23 19:20:48,449 - faster_whisper - INFO - Processing audio with duration 00:02.949
2025-11-23 19:20:49,234 - faster_whisper - INFO - Detected language 'hi' with probability 0.34
2025-11-23 19:20:50,794 - Amadeus - INFO - Processing command: Surge Ahmadiyya's folder...
2025-11-23 19:20:51,914 - Amadeus - INFO - Tool selection: search_file (confidence: 0.7)
2025-11-23 19:20:51,914 - Amadeus - INFO - Executing tool 'search_file' with args: {'file_name': "Ahmadiyya's folder"} (attempt 1)
2025-11-23 19:21:20,799 - Amadeus - WARNING - Command timeout: Surge Ahmadiyya's folder
2025-11-23 19:21:24,420 - faster_whisper - INFO - Processing audio with duration 00:02.461
2025-11-23 19:21:25,533 - faster_whisper - INFO - Detected language 'en' with probability 0.44
2025-11-23 19:21:30,805 - Amadeus - WARNING - Speech recognition timeout
2025-11-23 19:21:34,504 - faster_whisper - INFO - Processing audio with duration 00:02.067
2025-11-23 19:21:35,382 - faster_whisper - INFO - Detected language 'en' with probability 0.64
2025-11-23 19:21:36,363 - Amadeus - INFO - Processing command: search pdf....
2025-11-23 19:21:37,330 - Amadeus - INFO - Tool selection: search_file (confidence: 0.8)
2025-11-23 19:21:37,331 - Amadeus - INFO - Executing tool 'search_file' with args: {'file_name': 'pdf'} (attempt 1)
2025-11-23 19:21:37,335 - Amadeus - ERROR - Tool execution error (search_file): run loop already started
Traceback (most recent call last):
  File "C:\Users\ASUS\Downloads\vs code\.vscode\python\Amadeus-AI\Amadeus\system_controls.py", line 434, in search_file
    speak(f"Searching for {file_name} in {search_directory}. This may be quick.")
    ~~~~~^^^^^^^^^^^^^^^^^^^^^^^^^^^^^^^^^^^^^^^^^^^^^^^^^^^^^^^^^^^^^^^^^^^^^^^^
  File "C:\Users\ASUS\Downloads\vs code\.vscode\python\Amadeus-AI\Amadeus\speech_utils.py", line 36, in speak
    engine.runAndWait()
    ~~~~~~~~~~~~~~~~~^^
  File "C:\Users\ASUS\Downloads\vs code\.vscode\python\Amadeus-AI\.venv\Lib\site-packages\pyttsx3\engine.py", line 219, in runAndWait
    raise RuntimeError(msg)
RuntimeError: run loop already started

During handling of the above exception, another exception occurred:

Traceback (most recent call last):
  File "C:\Users\ASUS\Downloads\vs code\.vscode\python\Amadeus-AI\Amadeus\amadeus.py", line 174, in execute
    result = await loop.run_in_executor(None, lambda: tool.function(**validated_args))
             ^^^^^^^^^^^^^^^^^^^^^^^^^^^^^^^^^^^^^^^^^^^^^^^^^^^^^^^^^^^^^^^^^^^^^^^^^
  File "C:\Users\ASUS\AppData\Local\Programs\Python\Python313\Lib\concurrent\futures\thread.py", line 59, in run
    result = self.fn(*self.args, **self.kwargs)
  File "C:\Users\ASUS\Downloads\vs code\.vscode\python\Amadeus-AI\Amadeus\amadeus.py", line 174, in <lambda>
    result = await loop.run_in_executor(None, lambda: tool.function(**validated_args))
                                                      ~~~~~~~~~~~~~^^^^^^^^^^^^^^^^^^
  File "C:\Users\ASUS\Downloads\vs code\.vscode\python\Amadeus-AI\Amadeus\system_controls.py", line 450, in search_file
    speak(f"An error occurred during the file search: {e}")
    ~~~~~^^^^^^^^^^^^^^^^^^^^^^^^^^^^^^^^^^^^^^^^^^^^^^^^^^
  File "C:\Users\ASUS\Downloads\vs code\.vscode\python\Amadeus-AI\Amadeus\speech_utils.py", line 36, in speak
    engine.runAndWait()
    ~~~~~~~~~~~~~~~~~^^
  File "C:\Users\ASUS\Downloads\vs code\.vscode\python\Amadeus-AI\.venv\Lib\site-packages\pyttsx3\engine.py", line 219, in runAndWait
    raise RuntimeError(msg)
RuntimeError: run loop already started
2025-11-23 19:21:38,411 - Amadeus - INFO - Executing tool 'search_file' with args: {'file_name': 'pdf'} (attempt 2)
2025-11-23 19:21:38,417 - Amadeus - ERROR - Tool execution error (search_file): run loop already started
Traceback (most recent call last):
  File "C:\Users\ASUS\Downloads\vs code\.vscode\python\Amadeus-AI\Amadeus\system_controls.py", line 434, in search_file
    speak(f"Searching for {file_name} in {search_directory}. This may be quick.")
    ~~~~~^^^^^^^^^^^^^^^^^^^^^^^^^^^^^^^^^^^^^^^^^^^^^^^^^^^^^^^^^^^^^^^^^^^^^^^^
  File "C:\Users\ASUS\Downloads\vs code\.vscode\python\Amadeus-AI\Amadeus\speech_utils.py", line 36, in speak
    engine.runAndWait()
    ~~~~~~~~~~~~~~~~~^^
  File "C:\Users\ASUS\Downloads\vs code\.vscode\python\Amadeus-AI\.venv\Lib\site-packages\pyttsx3\engine.py", line 219, in runAndWait
    raise RuntimeError(msg)
RuntimeError: run loop already started

During handling of the above exception, another exception occurred:

Traceback (most recent call last):
  File "C:\Users\ASUS\Downloads\vs code\.vscode\python\Amadeus-AI\Amadeus\amadeus.py", line 174, in execute
    result = await loop.run_in_executor(None, lambda: tool.function(**validated_args))
             ^^^^^^^^^^^^^^^^^^^^^^^^^^^^^^^^^^^^^^^^^^^^^^^^^^^^^^^^^^^^^^^^^^^^^^^^^
  File "C:\Users\ASUS\AppData\Local\Programs\Python\Python313\Lib\concurrent\futures\thread.py", line 59, in run
    result = self.fn(*self.args, **self.kwargs)
  File "C:\Users\ASUS\Downloads\vs code\.vscode\python\Amadeus-AI\Amadeus\amadeus.py", line 174, in <lambda>
    result = await loop.run_in_executor(None, lambda: tool.function(**validated_args))
                                                      ~~~~~~~~~~~~~^^^^^^^^^^^^^^^^^^
  File "C:\Users\ASUS\Downloads\vs code\.vscode\python\Amadeus-AI\Amadeus\system_controls.py", line 450, in search_file
    speak(f"An error occurred during the file search: {e}")
    ~~~~~^^^^^^^^^^^^^^^^^^^^^^^^^^^^^^^^^^^^^^^^^^^^^^^^^^
  File "C:\Users\ASUS\Downloads\vs code\.vscode\python\Amadeus-AI\Amadeus\speech_utils.py", line 36, in speak
    engine.runAndWait()
    ~~~~~~~~~~~~~~~~~^^
  File "C:\Users\ASUS\Downloads\vs code\.vscode\python\Amadeus-AI\.venv\Lib\site-packages\pyttsx3\engine.py", line 219, in runAndWait
    raise RuntimeError(msg)
RuntimeError: run loop already started
2025-11-23 19:21:38,933 - Amadeus - INFO - Executing tool 'search_file' with args: {'file_name': 'pdf'} (attempt 3)
2025-11-23 19:21:38,936 - Amadeus - ERROR - Tool execution error (search_file): run loop already started
Traceback (most recent call last):
  File "C:\Users\ASUS\Downloads\vs code\.vscode\python\Amadeus-AI\Amadeus\system_controls.py", line 434, in search_file
    speak(f"Searching for {file_name} in {search_directory}. This may be quick.")
    ~~~~~^^^^^^^^^^^^^^^^^^^^^^^^^^^^^^^^^^^^^^^^^^^^^^^^^^^^^^^^^^^^^^^^^^^^^^^^
  File "C:\Users\ASUS\Downloads\vs code\.vscode\python\Amadeus-AI\Amadeus\speech_utils.py", line 36, in speak
    engine.runAndWait()
    ~~~~~~~~~~~~~~~~~^^
  File "C:\Users\ASUS\Downloads\vs code\.vscode\python\Amadeus-AI\.venv\Lib\site-packages\pyttsx3\engine.py", line 219, in runAndWait
    raise RuntimeError(msg)
RuntimeError: run loop already started

During handling of the above exception, another exception occurred:

Traceback (most recent call last):
  File "C:\Users\ASUS\Downloads\vs code\.vscode\python\Amadeus-AI\Amadeus\amadeus.py", line 174, in execute
    result = await loop.run_in_executor(None, lambda: tool.function(**validated_args))
             ^^^^^^^^^^^^^^^^^^^^^^^^^^^^^^^^^^^^^^^^^^^^^^^^^^^^^^^^^^^^^^^^^^^^^^^^^
  File "C:\Users\ASUS\AppData\Local\Programs\Python\Python313\Lib\concurrent\futures\thread.py", line 59, in run
    result = self.fn(*self.args, **self.kwargs)
  File "C:\Users\ASUS\Downloads\vs code\.vscode\python\Amadeus-AI\Amadeus\amadeus.py", line 174, in <lambda>
    result = await loop.run_in_executor(None, lambda: tool.function(**validated_args))
                                                      ~~~~~~~~~~~~~^^^^^^^^^^^^^^^^^^
  File "C:\Users\ASUS\Downloads\vs code\.vscode\python\Amadeus-AI\Amadeus\system_controls.py", line 450, in search_file
    speak(f"An error occurred during the file search: {e}")
    ~~~~~^^^^^^^^^^^^^^^^^^^^^^^^^^^^^^^^^^^^^^^^^^^^^^^^^^
  File "C:\Users\ASUS\Downloads\vs code\.vscode\python\Amadeus-AI\Amadeus\speech_utils.py", line 36, in speak
    engine.runAndWait()
    ~~~~~~~~~~~~~~~~~^^
  File "C:\Users\ASUS\Downloads\vs code\.vscode\python\Amadeus-AI\.venv\Lib\site-packages\pyttsx3\engine.py", line 219, in runAndWait
    raise RuntimeError(msg)
RuntimeError: run loop already started
2025-11-23 19:21:38,946 - Amadeus - WARNING - Tool search_file failed: Error executing search_file: run loop already started
2025-11-23 19:21:38,949 - Amadeus - ERROR - Speech synthesis failed: run loop already started
2025-11-23 19:21:42,661 - faster_whisper - INFO - Processing audio with duration 00:02.926
2025-11-23 19:21:43,425 - faster_whisper - INFO - Detected language 'en' with probability 0.95
2025-11-23 19:21:44,325 - Amadeus - INFO - Processing command: Find any file named Omiddi as folder....
2025-11-23 19:21:45,542 - Amadeus - INFO - Tool selection: search_file (confidence: 0.9)
2025-11-23 19:21:45,543 - Amadeus - INFO - Executing tool 'search_file' with args: {'file_name': 'Omiddi'} (attempt 1)
2025-11-23 19:21:45,547 - Amadeus - ERROR - Tool execution error (search_file): run loop already started
Traceback (most recent call last):
  File "C:\Users\ASUS\Downloads\vs code\.vscode\python\Amadeus-AI\Amadeus\system_controls.py", line 434, in search_file
    speak(f"Searching for {file_name} in {search_directory}. This may be quick.")
    ~~~~~^^^^^^^^^^^^^^^^^^^^^^^^^^^^^^^^^^^^^^^^^^^^^^^^^^^^^^^^^^^^^^^^^^^^^^^^
  File "C:\Users\ASUS\Downloads\vs code\.vscode\python\Amadeus-AI\Amadeus\speech_utils.py", line 36, in speak
    engine.runAndWait()
    ~~~~~~~~~~~~~~~~~^^
  File "C:\Users\ASUS\Downloads\vs code\.vscode\python\Amadeus-AI\.venv\Lib\site-packages\pyttsx3\engine.py", line 219, in runAndWait
    raise RuntimeError(msg)
RuntimeError: run loop already started

During handling of the above exception, another exception occurred:

Traceback (most recent call last):
  File "C:\Users\ASUS\Downloads\vs code\.vscode\python\Amadeus-AI\Amadeus\amadeus.py", line 174, in execute
    result = await loop.run_in_executor(None, lambda: tool.function(**validated_args))
             ^^^^^^^^^^^^^^^^^^^^^^^^^^^^^^^^^^^^^^^^^^^^^^^^^^^^^^^^^^^^^^^^^^^^^^^^^
  File "C:\Users\ASUS\AppData\Local\Programs\Python\Python313\Lib\concurrent\futures\thread.py", line 59, in run
    result = self.fn(*self.args, **self.kwargs)
  File "C:\Users\ASUS\Downloads\vs code\.vscode\python\Amadeus-AI\Amadeus\amadeus.py", line 174, in <lambda>
    result = await loop.run_in_executor(None, lambda: tool.function(**validated_args))
                                                      ~~~~~~~~~~~~~^^^^^^^^^^^^^^^^^^
  File "C:\Users\ASUS\Downloads\vs code\.vscode\python\Amadeus-AI\Amadeus\system_controls.py", line 450, in search_file
    speak(f"An error occurred during the file search: {e}")
    ~~~~~^^^^^^^^^^^^^^^^^^^^^^^^^^^^^^^^^^^^^^^^^^^^^^^^^^
  File "C:\Users\ASUS\Downloads\vs code\.vscode\python\Amadeus-AI\Amadeus\speech_utils.py", line 36, in speak
    engine.runAndWait()
    ~~~~~~~~~~~~~~~~~^^
  File "C:\Users\ASUS\Downloads\vs code\.vscode\python\Amadeus-AI\.venv\Lib\site-packages\pyttsx3\engine.py", line 219, in runAndWait
    raise RuntimeError(msg)
RuntimeError: run loop already started
2025-11-23 19:21:46,063 - Amadeus - INFO - Executing tool 'search_file' with args: {'file_name': 'Omiddi'} (attempt 2)
2025-11-23 19:21:46,067 - Amadeus - ERROR - Tool execution error (search_file): run loop already started
Traceback (most recent call last):
  File "C:\Users\ASUS\Downloads\vs code\.vscode\python\Amadeus-AI\Amadeus\system_controls.py", line 434, in search_file
    speak(f"Searching for {file_name} in {search_directory}. This may be quick.")
    ~~~~~^^^^^^^^^^^^^^^^^^^^^^^^^^^^^^^^^^^^^^^^^^^^^^^^^^^^^^^^^^^^^^^^^^^^^^^^
  File "C:\Users\ASUS\Downloads\vs code\.vscode\python\Amadeus-AI\Amadeus\speech_utils.py", line 36, in speak
    engine.runAndWait()
    ~~~~~~~~~~~~~~~~~^^
  File "C:\Users\ASUS\Downloads\vs code\.vscode\python\Amadeus-AI\.venv\Lib\site-packages\pyttsx3\engine.py", line 219, in runAndWait
    raise RuntimeError(msg)
RuntimeError: run loop already started

During handling of the above exception, another exception occurred:

Traceback (most recent call last):
  File "C:\Users\ASUS\Downloads\vs code\.vscode\python\Amadeus-AI\Amadeus\amadeus.py", line 174, in execute
    result = await loop.run_in_executor(None, lambda: tool.function(**validated_args))
             ^^^^^^^^^^^^^^^^^^^^^^^^^^^^^^^^^^^^^^^^^^^^^^^^^^^^^^^^^^^^^^^^^^^^^^^^^
  File "C:\Users\ASUS\AppData\Local\Programs\Python\Python313\Lib\concurrent\futures\thread.py", line 59, in run
    result = self.fn(*self.args, **self.kwargs)
  File "C:\Users\ASUS\Downloads\vs code\.vscode\python\Amadeus-AI\Amadeus\amadeus.py", line 174, in <lambda>
    result = await loop.run_in_executor(None, lambda: tool.function(**validated_args))
                                                      ~~~~~~~~~~~~~^^^^^^^^^^^^^^^^^^
  File "C:\Users\ASUS\Downloads\vs code\.vscode\python\Amadeus-AI\Amadeus\system_controls.py", line 450, in search_file
    speak(f"An error occurred during the file search: {e}")
    ~~~~~^^^^^^^^^^^^^^^^^^^^^^^^^^^^^^^^^^^^^^^^^^^^^^^^^^
  File "C:\Users\ASUS\Downloads\vs code\.vscode\python\Amadeus-AI\Amadeus\speech_utils.py", line 36, in speak
    engine.runAndWait()
    ~~~~~~~~~~~~~~~~~^^
  File "C:\Users\ASUS\Downloads\vs code\.vscode\python\Amadeus-AI\.venv\Lib\site-packages\pyttsx3\engine.py", line 219, in runAndWait
    raise RuntimeError(msg)
RuntimeError: run loop already started
2025-11-23 19:21:46,579 - Amadeus - INFO - Executing tool 'search_file' with args: {'file_name': 'Omiddi'} (attempt 3)
2025-11-23 19:21:46,583 - Amadeus - ERROR - Tool execution error (search_file): run loop already started
Traceback (most recent call last):
  File "C:\Users\ASUS\Downloads\vs code\.vscode\python\Amadeus-AI\Amadeus\system_controls.py", line 434, in search_file
    speak(f"Searching for {file_name} in {search_directory}. This may be quick.")
    ~~~~~^^^^^^^^^^^^^^^^^^^^^^^^^^^^^^^^^^^^^^^^^^^^^^^^^^^^^^^^^^^^^^^^^^^^^^^^
  File "C:\Users\ASUS\Downloads\vs code\.vscode\python\Amadeus-AI\Amadeus\speech_utils.py", line 36, in speak
    engine.runAndWait()
    ~~~~~~~~~~~~~~~~~^^
  File "C:\Users\ASUS\Downloads\vs code\.vscode\python\Amadeus-AI\.venv\Lib\site-packages\pyttsx3\engine.py", line 219, in runAndWait
    raise RuntimeError(msg)
RuntimeError: run loop already started

During handling of the above exception, another exception occurred:

Traceback (most recent call last):
  File "C:\Users\ASUS\Downloads\vs code\.vscode\python\Amadeus-AI\Amadeus\amadeus.py", line 174, in execute
    result = await loop.run_in_executor(None, lambda: tool.function(**validated_args))
             ^^^^^^^^^^^^^^^^^^^^^^^^^^^^^^^^^^^^^^^^^^^^^^^^^^^^^^^^^^^^^^^^^^^^^^^^^
  File "C:\Users\ASUS\AppData\Local\Programs\Python\Python313\Lib\concurrent\futures\thread.py", line 59, in run
    result = self.fn(*self.args, **self.kwargs)
  File "C:\Users\ASUS\Downloads\vs code\.vscode\python\Amadeus-AI\Amadeus\amadeus.py", line 174, in <lambda>
    result = await loop.run_in_executor(None, lambda: tool.function(**validated_args))
                                                      ~~~~~~~~~~~~~^^^^^^^^^^^^^^^^^^
  File "C:\Users\ASUS\Downloads\vs code\.vscode\python\Amadeus-AI\Amadeus\system_controls.py", line 450, in search_file
    speak(f"An error occurred during the file search: {e}")
    ~~~~~^^^^^^^^^^^^^^^^^^^^^^^^^^^^^^^^^^^^^^^^^^^^^^^^^^
  File "C:\Users\ASUS\Downloads\vs code\.vscode\python\Amadeus-AI\Amadeus\speech_utils.py", line 36, in speak
    engine.runAndWait()
    ~~~~~~~~~~~~~~~~~^^
  File "C:\Users\ASUS\Downloads\vs code\.vscode\python\Amadeus-AI\.venv\Lib\site-packages\pyttsx3\engine.py", line 219, in runAndWait
    raise RuntimeError(msg)
RuntimeError: run loop already started
2025-11-23 19:21:46,593 - Amadeus - WARNING - Tool search_file failed: Error executing search_file: run loop already started
2025-11-23 19:21:51,393 - faster_whisper - INFO - Processing audio with duration 00:03.878
2025-11-23 19:21:52,377 - faster_whisper - INFO - Detected language 'ru' with probability 0.15
2025-11-23 19:21:54,754 - Amadeus - INFO - Processing command: Садка  Садка  Садка  Садка...
2025-11-23 19:21:55,822 - Amadeus - INFO - Tool selection: wikipedia_search (confidence: 0.6)
2025-11-23 19:21:55,823 - Amadeus - INFO - Executing tool 'wikipedia_search' with args: {'query': 'Садка'} (attempt 1)
2025-11-23 19:21:56,546 - Amadeus - ERROR - Speech synthesis failed: run loop already started
2025-11-23 19:21:59,652 - faster_whisper - INFO - Processing audio with duration 00:02.183
2025-11-23 19:22:00,394 - faster_whisper - INFO - Detected language 'nn' with probability 0.45
2025-11-23 19:22:05,268 - faster_whisper - INFO - Processing audio with duration 00:03.065
2025-11-23 19:22:06,007 - faster_whisper - INFO - Detected language 'en' with probability 0.49
2025-11-23 19:22:06,816 - Amadeus - INFO - Processing command: search PDF....
2025-11-23 19:22:07,920 - Amadeus - INFO - Tool selection: search_file (confidence: 0.8)
2025-11-23 19:22:07,920 - Amadeus - INFO - Executing tool 'search_file' with args: {'file_name': 'PDF'} (attempt 1)
2025-11-23 19:22:07,922 - Amadeus - ERROR - Tool execution error (search_file): run loop already started
Traceback (most recent call last):
  File "C:\Users\ASUS\Downloads\vs code\.vscode\python\Amadeus-AI\Amadeus\system_controls.py", line 434, in search_file
    speak(f"Searching for {file_name} in {search_directory}. This may be quick.")
    ~~~~~^^^^^^^^^^^^^^^^^^^^^^^^^^^^^^^^^^^^^^^^^^^^^^^^^^^^^^^^^^^^^^^^^^^^^^^^
  File "C:\Users\ASUS\Downloads\vs code\.vscode\python\Amadeus-AI\Amadeus\speech_utils.py", line 36, in speak
    engine.runAndWait()
    ~~~~~~~~~~~~~~~~~^^
  File "C:\Users\ASUS\Downloads\vs code\.vscode\python\Amadeus-AI\.venv\Lib\site-packages\pyttsx3\engine.py", line 219, in runAndWait
    raise RuntimeError(msg)
RuntimeError: run loop already started

During handling of the above exception, another exception occurred:

Traceback (most recent call last):
  File "C:\Users\ASUS\Downloads\vs code\.vscode\python\Amadeus-AI\Amadeus\amadeus.py", line 174, in execute
    result = await loop.run_in_executor(None, lambda: tool.function(**validated_args))
             ^^^^^^^^^^^^^^^^^^^^^^^^^^^^^^^^^^^^^^^^^^^^^^^^^^^^^^^^^^^^^^^^^^^^^^^^^
  File "C:\Users\ASUS\AppData\Local\Programs\Python\Python313\Lib\concurrent\futures\thread.py", line 59, in run
    result = self.fn(*self.args, **self.kwargs)
  File "C:\Users\ASUS\Downloads\vs code\.vscode\python\Amadeus-AI\Amadeus\amadeus.py", line 174, in <lambda>
    result = await loop.run_in_executor(None, lambda: tool.function(**validated_args))
                                                      ~~~~~~~~~~~~~^^^^^^^^^^^^^^^^^^
  File "C:\Users\ASUS\Downloads\vs code\.vscode\python\Amadeus-AI\Amadeus\system_controls.py", line 450, in search_file
    speak(f"An error occurred during the file search: {e}")
    ~~~~~^^^^^^^^^^^^^^^^^^^^^^^^^^^^^^^^^^^^^^^^^^^^^^^^^^
  File "C:\Users\ASUS\Downloads\vs code\.vscode\python\Amadeus-AI\Amadeus\speech_utils.py", line 36, in speak
    engine.runAndWait()
    ~~~~~~~~~~~~~~~~~^^
  File "C:\Users\ASUS\Downloads\vs code\.vscode\python\Amadeus-AI\.venv\Lib\site-packages\pyttsx3\engine.py", line 219, in runAndWait
    raise RuntimeError(msg)
RuntimeError: run loop already started
2025-11-23 19:22:08,435 - Amadeus - INFO - Executing tool 'search_file' with args: {'file_name': 'PDF'} (attempt 2)
2025-11-23 19:22:08,438 - Amadeus - ERROR - Tool execution error (search_file): run loop already started
Traceback (most recent call last):
  File "C:\Users\ASUS\Downloads\vs code\.vscode\python\Amadeus-AI\Amadeus\system_controls.py", line 434, in search_file
    speak(f"Searching for {file_name} in {search_directory}. This may be quick.")
    ~~~~~^^^^^^^^^^^^^^^^^^^^^^^^^^^^^^^^^^^^^^^^^^^^^^^^^^^^^^^^^^^^^^^^^^^^^^^^
  File "C:\Users\ASUS\Downloads\vs code\.vscode\python\Amadeus-AI\Amadeus\speech_utils.py", line 36, in speak
    engine.runAndWait()
    ~~~~~~~~~~~~~~~~~^^
  File "C:\Users\ASUS\Downloads\vs code\.vscode\python\Amadeus-AI\.venv\Lib\site-packages\pyttsx3\engine.py", line 219, in runAndWait
    raise RuntimeError(msg)
RuntimeError: run loop already started

During handling of the above exception, another exception occurred:

Traceback (most recent call last):
  File "C:\Users\ASUS\Downloads\vs code\.vscode\python\Amadeus-AI\Amadeus\amadeus.py", line 174, in execute
    result = await loop.run_in_executor(None, lambda: tool.function(**validated_args))
             ^^^^^^^^^^^^^^^^^^^^^^^^^^^^^^^^^^^^^^^^^^^^^^^^^^^^^^^^^^^^^^^^^^^^^^^^^
  File "C:\Users\ASUS\AppData\Local\Programs\Python\Python313\Lib\concurrent\futures\thread.py", line 59, in run
    result = self.fn(*self.args, **self.kwargs)
  File "C:\Users\ASUS\Downloads\vs code\.vscode\python\Amadeus-AI\Amadeus\amadeus.py", line 174, in <lambda>
    result = await loop.run_in_executor(None, lambda: tool.function(**validated_args))
                                                      ~~~~~~~~~~~~~^^^^^^^^^^^^^^^^^^
  File "C:\Users\ASUS\Downloads\vs code\.vscode\python\Amadeus-AI\Amadeus\system_controls.py", line 450, in search_file
    speak(f"An error occurred during the file search: {e}")
    ~~~~~^^^^^^^^^^^^^^^^^^^^^^^^^^^^^^^^^^^^^^^^^^^^^^^^^^
  File "C:\Users\ASUS\Downloads\vs code\.vscode\python\Amadeus-AI\Amadeus\speech_utils.py", line 36, in speak
    engine.runAndWait()
    ~~~~~~~~~~~~~~~~~^^
  File "C:\Users\ASUS\Downloads\vs code\.vscode\python\Amadeus-AI\.venv\Lib\site-packages\pyttsx3\engine.py", line 219, in runAndWait
    raise RuntimeError(msg)
RuntimeError: run loop already started
2025-11-23 19:22:08,950 - Amadeus - INFO - Executing tool 'search_file' with args: {'file_name': 'PDF'} (attempt 3)
2025-11-23 19:22:08,954 - Amadeus - ERROR - Tool execution error (search_file): run loop already started
Traceback (most recent call last):
  File "C:\Users\ASUS\Downloads\vs code\.vscode\python\Amadeus-AI\Amadeus\system_controls.py", line 434, in search_file
    speak(f"Searching for {file_name} in {search_directory}. This may be quick.")
    ~~~~~^^^^^^^^^^^^^^^^^^^^^^^^^^^^^^^^^^^^^^^^^^^^^^^^^^^^^^^^^^^^^^^^^^^^^^^^
  File "C:\Users\ASUS\Downloads\vs code\.vscode\python\Amadeus-AI\Amadeus\speech_utils.py", line 36, in speak
    engine.runAndWait()
    ~~~~~~~~~~~~~~~~~^^
  File "C:\Users\ASUS\Downloads\vs code\.vscode\python\Amadeus-AI\.venv\Lib\site-packages\pyttsx3\engine.py", line 219, in runAndWait
    raise RuntimeError(msg)
RuntimeError: run loop already started

During handling of the above exception, another exception occurred:

Traceback (most recent call last):
  File "C:\Users\ASUS\Downloads\vs code\.vscode\python\Amadeus-AI\Amadeus\amadeus.py", line 174, in execute
    result = await loop.run_in_executor(None, lambda: tool.function(**validated_args))
             ^^^^^^^^^^^^^^^^^^^^^^^^^^^^^^^^^^^^^^^^^^^^^^^^^^^^^^^^^^^^^^^^^^^^^^^^^
  File "C:\Users\ASUS\AppData\Local\Programs\Python\Python313\Lib\concurrent\futures\thread.py", line 59, in run
    result = self.fn(*self.args, **self.kwargs)
  File "C:\Users\ASUS\Downloads\vs code\.vscode\python\Amadeus-AI\Amadeus\amadeus.py", line 174, in <lambda>
    result = await loop.run_in_executor(None, lambda: tool.function(**validated_args))
                                                      ~~~~~~~~~~~~~^^^^^^^^^^^^^^^^^^
  File "C:\Users\ASUS\Downloads\vs code\.vscode\python\Amadeus-AI\Amadeus\system_controls.py", line 450, in search_file
    speak(f"An error occurred during the file search: {e}")
    ~~~~~^^^^^^^^^^^^^^^^^^^^^^^^^^^^^^^^^^^^^^^^^^^^^^^^^^
  File "C:\Users\ASUS\Downloads\vs code\.vscode\python\Amadeus-AI\Amadeus\speech_utils.py", line 36, in speak
    engine.runAndWait()
    ~~~~~~~~~~~~~~~~~^^
  File "C:\Users\ASUS\Downloads\vs code\.vscode\python\Amadeus-AI\.venv\Lib\site-packages\pyttsx3\engine.py", line 219, in runAndWait
    raise RuntimeError(msg)
RuntimeError: run loop already started
2025-11-23 19:22:08,963 - Amadeus - WARNING - Tool search_file failed: Error executing search_file: run loop already started
2025-11-23 19:22:08,965 - Amadeus - ERROR - Speech synthesis failed: run loop already started
2025-11-23 19:22:11,927 - faster_whisper - INFO - Processing audio with duration 00:01.997
2025-11-23 19:22:12,617 - faster_whisper - INFO - Detected language 'en' with probability 0.33
2025-11-23 19:22:17,221 - faster_whisper - INFO - Processing audio with duration 00:02.856
2025-11-23 19:22:17,923 - faster_whisper - INFO - Detected language 'en' with probability 0.24
2025-11-23 19:22:18,983 - Amadeus - INFO - Processing command: I started over, over, over....
2025-11-23 19:22:19,921 - Amadeus - INFO - Tool selection: conversational (confidence: 1.0)
2025-11-23 19:22:21,248 - Amadeus - ERROR - Speech synthesis failed: run loop already started
2025-11-23 19:22:26,791 - faster_whisper - INFO - Processing audio with duration 00:04.598
2025-11-23 19:22:27,542 - faster_whisper - INFO - Detected language 'en' with probability 0.46
2025-11-23 19:22:28,405 - Amadeus - INFO - Processing command: Let's test run you very long....
2025-11-23 19:22:29,437 - Amadeus - INFO - Tool selection: conversational (confidence: 1.0)
2025-11-23 19:22:30,749 - Amadeus - ERROR - Speech synthesis failed: run loop already started
2025-11-23 19:22:36,019 - faster_whisper - INFO - Processing audio with duration 00:04.319
2025-11-23 19:22:36,673 - faster_whisper - INFO - Detected language 'en' with probability 0.72
2025-11-23 19:22:37,526 - Amadeus - INFO - Processing command: I am sure if it let us just increase your weight t...
2025-11-23 19:22:38,739 - Amadeus - INFO - Tool selection: conversational (confidence: 1.0)
2025-11-23 19:22:39,965 - Amadeus - ERROR - Speech synthesis failed: run loop already started
2025-11-23 19:22:45,864 - faster_whisper - INFO - Processing audio with duration 00:04.923
2025-11-23 19:22:46,544 - faster_whisper - INFO - Detected language 'en' with probability 0.39
2025-11-23 19:22:47,331 - Amadeus - INFO - Processing command: Do you understand your own pool?...
2025-11-23 19:22:48,473 - Amadeus - INFO - Tool selection: conversational (confidence: 1.0)
2025-11-23 19:22:49,706 - Amadeus - ERROR - Speech synthesis failed: run loop already started
2025-11-23 19:22:52,621 - faster_whisper - INFO - Processing audio with duration 00:01.997
2025-11-23 19:22:53,327 - faster_whisper - INFO - Detected language 'en' with probability 0.32
2025-11-23 19:22:56,417 - faster_whisper - INFO - Processing audio with duration 00:01.393
2025-11-23 19:22:57,215 - faster_whisper - INFO - Detected language 'ar' with probability 0.36
2025-11-23 19:22:59,632 - Amadeus - INFO - Processing command: أرنا لتبو...
2025-11-23 19:23:00,647 - Amadeus - INFO - Tool selection: open_website (confidence: 0.7)
2025-11-23 19:23:00,648 - Amadeus - INFO - Executing tool 'open_website' with args: {'query': 'تبو'} (attempt 1)
2025-11-23 19:23:00,835 - Amadeus - ERROR - Speech synthesis failed: run loop already started
2025-11-23 19:23:03,793 - faster_whisper - INFO - Processing audio with duration 00:01.602
2025-11-23 19:23:06,233 - faster_whisper - INFO - Detected language 'nn' with probability 0.30
2025-11-23 19:23:10,866 - Amadeus - WARNING - Speech recognition timeout
2025-11-23 19:23:16,782 - faster_whisper - INFO - Processing audio with duration 00:03.692
2025-11-23 19:23:17,706 - faster_whisper - INFO - Detected language 'ml' with probability 0.65
2025-11-23 19:23:20,885 - Amadeus - WARNING - Speech recognition timeout
2025-11-23 19:23:22,443 - faster_whisper - INFO - Processing audio with duration 00:00.906
2025-11-23 19:23:25,083 - faster_whisper - INFO - Detected language 'en' with probability 0.34
2025-11-23 19:23:26,319 - Amadeus - ERROR - Speech synthesis failed: run loop already started
2025-11-23 19:23:29,830 - faster_whisper - INFO - Processing audio with duration 00:02.485
2025-11-23 19:23:30,553 - faster_whisper - INFO - Detected language 'en' with probability 0.15
2025-11-23 19:23:32,661 - Amadeus - INFO - Processing command: Nanda, what are you?...
2025-11-23 19:23:33,757 - Amadeus - INFO - Tool selection: conversational (confidence: 1.0)
2025-11-23 19:23:35,001 - Amadeus - ERROR - Speech synthesis failed: run loop already started
2025-11-23 19:23:37,403 - faster_whisper - INFO - Processing audio with duration 00:01.486
2025-11-23 19:23:38,080 - faster_whisper - INFO - Detected language 'en' with probability 0.30
2025-11-23 19:23:42,007 - faster_whisper - INFO - Processing audio with duration 00:02.113
2025-11-23 19:23:42,713 - faster_whisper - INFO - Detected language 'en' with probability 0.48
2025-11-23 19:23:47,305 - faster_whisper - INFO - Processing audio with duration 00:02.833
2025-11-23 19:23:48,000 - faster_whisper - INFO - Detected language 'en' with probability 0.72
2025-11-23 19:23:48,840 - Amadeus - INFO - Processing command: I got, I got cold, what should I do?...
2025-11-23 19:23:49,964 - Amadeus - INFO - Tool selection: conversational (confidence: 1.0)
2025-11-23 19:23:51,717 - Amadeus - ERROR - Speech synthesis failed: run loop already started
2025-11-23 19:23:54,547 - faster_whisper - INFO - Processing audio with duration 00:01.904
2025-11-23 19:23:55,296 - faster_whisper - INFO - Detected language 'en' with probability 0.62
2025-11-23 19:23:57,088 - Amadeus - INFO - Processing command: Good....
2025-11-23 19:23:58,073 - Amadeus - INFO - Tool selection: conversational (confidence: 1.0)
2025-11-23 19:23:59,062 - Amadeus - ERROR - Speech synthesis failed: run loop already started
2025-11-23 19:24:02,245 - faster_whisper - INFO - Processing audio with duration 00:02.252
2025-11-23 19:24:02,932 - faster_whisper - INFO - Detected language 'en' with probability 0.67
2025-11-23 19:24:03,726 - Amadeus - INFO - Processing command: I have a fever...
2025-11-23 19:24:04,894 - Amadeus - INFO - Tool selection: open_website (confidence: 0.6)
2025-11-23 19:24:04,895 - Amadeus - INFO - Executing tool 'open_website' with args: {'query': 'fever remedies'} (attempt 1)
2025-11-23 19:24:04,984 - Amadeus - ERROR - Speech synthesis failed: run loop already started
2025-11-23 19:24:12,749 - faster_whisper - INFO - Processing audio with duration 00:06.803
2025-11-23 19:24:13,637 - faster_whisper - INFO - Detected language 'en' with probability 0.62
2025-11-23 19:24:14,620 - Amadeus - INFO - Processing command: If you were memories, it's sad to be working....
2025-11-23 19:24:15,568 - Amadeus - INFO - Tool selection: conversational (confidence: 1.0)
2025-11-23 19:24:16,916 - Amadeus - ERROR - Speech synthesis failed: run loop already started
2025-11-23 19:24:20,944 - faster_whisper - INFO - Processing audio with duration 00:02.972
2025-11-23 19:24:21,619 - faster_whisper - INFO - Detected language 'en' with probability 0.39
2025-11-23 19:24:27,143 - faster_whisper - INFO - Processing audio with duration 00:03.808
2025-11-23 19:24:27,810 - faster_whisper - INFO - Detected language 'en' with probability 0.88
2025-11-23 19:24:28,609 - Amadeus - INFO - Processing command: I just want to be an astronaut or what should I do...
2025-11-23 19:24:29,645 - Amadeus - INFO - Tool selection: open_website (confidence: 0.9)
2025-11-23 19:24:29,646 - Amadeus - INFO - Executing tool 'open_website' with args: {'query': 'how to become an astronaut'} (attempt 1)
2025-11-23 19:24:29,794 - Amadeus - ERROR - Speech synthesis failed: run loop already started
2025-11-23 19:24:33,908 - faster_whisper - INFO - Processing audio with duration 00:02.368
2025-11-23 19:24:34,794 - faster_whisper - INFO - Detected language 'en' with probability 0.54
2025-11-23 19:24:38,678 - Amadeus - INFO - Processing command: How do we come on astronomy?...
2025-11-23 19:24:39,804 - Amadeus - INFO - Tool selection: open_website (confidence: 0.7)
2025-11-23 19:24:39,805 - Amadeus - INFO - Executing tool 'open_website' with args: {'query': 'How do we come on astronomy?'} (attempt 1)
2025-11-23 19:24:39,918 - Amadeus - ERROR - Speech synthesis failed: run loop already started
2025-11-23 19:24:45,460 - faster_whisper - INFO - Processing audio with duration 00:03.042
2025-11-23 19:24:47,670 - faster_whisper - INFO - Detected language 'en' with probability 0.34
2025-11-23 19:24:49,933 - Amadeus - WARNING - Speech recognition timeout
2025-11-23 19:24:53,546 - faster_whisper - INFO - Processing audio with duration 00:02.438
2025-11-23 19:24:54,326 - faster_whisper - INFO - Detected language 'en' with probability 0.48
2025-11-23 19:24:55,795 - Amadeus - INFO - Processing command: you already who are you working?...
2025-11-23 19:24:57,779 - Amadeus - INFO - Tool selection: conversational (confidence: 1.0)
2025-11-23 19:24:59,035 - Amadeus - ERROR - Speech synthesis failed: run loop already started
2025-11-23 19:25:02,633 - faster_whisper - INFO - Processing audio with duration 00:02.554
2025-11-23 19:25:03,414 - faster_whisper - INFO - Detected language 'en' with probability 0.76
2025-11-23 19:25:04,399 - Amadeus - INFO - Processing command: For the ease of your text....
2025-11-23 19:25:05,413 - Amadeus - INFO - Tool selection: conversational (confidence: 1.0)
2025-11-23 19:25:06,540 - Amadeus - ERROR - Speech synthesis failed: run loop already started
2025-11-23 19:25:09,264 - faster_whisper - INFO - Processing audio with duration 00:01.788
2025-11-23 19:25:10,045 - faster_whisper - INFO - Detected language 'en' with probability 0.36
2025-11-23 19:25:11,138 - Amadeus - INFO - Processing command: Let's bring it....
2025-11-23 19:25:12,340 - Amadeus - INFO - Tool selection: conversational (confidence: 1.0)
2025-11-23 19:25:13,386 - Amadeus - ERROR - Speech synthesis failed: run loop already started
2025-11-23 19:25:17,021 - faster_whisper - INFO - Processing audio with duration 00:02.577
2025-11-23 19:25:17,715 - faster_whisper - INFO - Detected language 'en' with probability 0.49
2025-11-23 19:25:18,547 - Amadeus - INFO - Processing command: That's it....
2025-11-23 19:25:19,782 - Amadeus - INFO - Tool selection: conversational (confidence: 1.0)
2025-11-23 19:25:20,744 - Amadeus - ERROR - Speech synthesis failed: run loop already started
2025-11-23 19:25:23,126 - faster_whisper - INFO - Processing audio with duration 00:01.463
2025-11-23 19:25:23,867 - faster_whisper - INFO - Detected language 'en' with probability 0.30
2025-11-23 19:25:25,824 - Amadeus - INFO - Processing command: That's it....
2025-11-23 19:25:26,855 - Amadeus - INFO - Tool selection: conversational (confidence: 1.0)
2025-11-23 19:25:27,796 - Amadeus - ERROR - Speech synthesis failed: run loop already started
2025-11-23 19:25:35,592 - faster_whisper - INFO - Processing audio with duration 00:01.393
2025-11-23 19:25:36,307 - faster_whisper - INFO - Detected language 'en' with probability 0.32
2025-11-23 19:25:38,270 - Amadeus - INFO - Processing command: dusk...
2025-11-23 19:25:39,439 - Amadeus - INFO - Tool selection: get_datetime_info (confidence: 0.7)
2025-11-23 19:25:39,440 - Amadeus - INFO - Executing tool 'get_datetime_info' with args: {'query': 'dusk'} (attempt 1)
2025-11-23 19:25:39,446 - Amadeus - ERROR - Speech synthesis failed: run loop already started
2025-11-23 19:25:42,317 - faster_whisper - INFO - Processing audio with duration 00:01.927
2025-11-23 19:25:42,990 - faster_whisper - INFO - Detected language 'en' with probability 0.39
2025-11-23 19:25:45,197 - Amadeus - INFO - Processing command: Good.  Good....
2025-11-23 19:25:46,218 - Amadeus - INFO - Tool selection: conversational (confidence: 1.0)
2025-11-23 19:25:47,220 - Amadeus - ERROR - Speech synthesis failed: run loop already started
2025-11-23 19:25:50,284 - faster_whisper - INFO - Processing audio with duration 00:02.136
2025-11-23 19:25:50,995 - faster_whisper - INFO - Detected language 'hi' with probability 0.55
2025-11-23 19:25:52,083 - Amadeus - INFO - Processing command: Tell me the task I gave you...
2025-11-23 19:25:53,099 - Amadeus - INFO - Tool selection: list_tasks (confidence: 0.8)
2025-11-23 19:25:53,100 - Amadeus - INFO - Executing tool 'list_tasks' with args: {} (attempt 1)
2025-11-23 19:25:53,145 - Amadeus - ERROR - Speech synthesis failed: run loop already started
2025-11-23 19:25:55,478 - faster_whisper - INFO - Processing audio with duration 00:01.393
2025-11-23 19:25:56,204 - faster_whisper - INFO - Detected language 'nn' with probability 0.31
2025-11-23 19:26:01,837 - faster_whisper - INFO - Processing audio with duration 00:03.762
2025-11-23 19:26:02,491 - faster_whisper - INFO - Detected language 'en' with probability 0.36
2025-11-23 19:26:03,323 - Amadeus - INFO - Processing command: What is the heck here? Is there anything I should...
2025-11-23 19:26:04,477 - Amadeus - INFO - Tool selection: conversational (confidence: 1.0)
2025-11-23 19:26:05,706 - Amadeus - ERROR - Speech synthesis failed: run loop already started
2025-11-23 19:26:10,395 - faster_whisper - INFO - Processing audio with duration 00:03.762
2025-11-23 19:26:11,070 - faster_whisper - INFO - Detected language 'en' with probability 0.51
2025-11-23 19:26:11,844 - Amadeus - INFO - Processing command: Is there anything I should be reminded of?...
2025-11-23 19:26:12,978 - Amadeus - INFO - Tool selection: list_tasks (confidence: 0.7)
2025-11-23 19:26:12,978 - Amadeus - INFO - Executing tool 'list_tasks' with args: {} (attempt 1)
2025-11-23 19:26:12,988 - Amadeus - ERROR - Speech synthesis failed: run loop already started
2025-11-23 19:26:16,735 - faster_whisper - INFO - Processing audio with duration 00:02.810
2025-11-23 19:26:17,402 - faster_whisper - INFO - Detected language 'en' with probability 0.58
2025-11-23 19:26:21,136 - Amadeus - ERROR - Speech synthesis failed: run loop already started
2025-11-23 19:31:26,787 - Amadeus - INFO - Amadeus shutdown complete
2025-11-23 19:34:07,998 - Amadeus - WARNING - Optional API key 'NEWS_API_KEY' not configured
2025-11-23 19:34:08,001 - Amadeus - WARNING - Optional API key 'WEATHER_API_KEY' not configured
2025-11-23 19:34:08,002 - Amadeus - INFO - API keys validated successfully
2025-11-23 19:34:08,002 - Amadeus - INFO - Gemini API configured successfully
2025-11-23 19:34:08,260 - Amadeus - INFO - Amadeus initialized with 24 tools
2025-11-23 19:34:13,108 - Amadeus - INFO - Initializing database...
2025-11-23 19:34:18,109 - faster_whisper - INFO - Processing audio with duration 00:01.370
2025-11-23 19:34:20,036 - faster_whisper - INFO - Detected language 'en' with probability 0.35
2025-11-23 19:34:24,546 - faster_whisper - INFO - Processing audio with duration 00:01.997
2025-11-23 19:34:25,216 - faster_whisper - INFO - Detected language 'en' with probability 0.58
2025-11-23 19:34:26,002 - Amadeus - INFO - Processing command: whether a PIs not a B....
2025-11-23 19:34:29,409 - Amadeus - INFO - Tool selection: open_website (confidence: 0.7)
2025-11-23 19:34:29,410 - Amadeus - INFO - Executing tool 'open_website' with args: {'query': 'whether a PIs not a B'} (attempt 1)
2025-11-23 19:34:35,573 - faster_whisper - INFO - Processing audio with duration 00:04.621
2025-11-23 19:34:36,855 - faster_whisper - INFO - Detected language 'ru' with probability 0.28
2025-11-23 19:34:40,002 - Amadeus - WARNING - Speech recognition timeout
2025-11-23 19:34:42,397 - faster_whisper - INFO - Processing audio with duration 00:01.602
2025-11-23 19:34:43,075 - faster_whisper - INFO - Detected language 'el' with probability 0.15
2025-11-23 19:34:44,919 - Amadeus - INFO - Processing command: Πελμινιούς...
2025-11-23 19:34:46,090 - Amadeus - INFO - Tool selection: open_website (confidence: 0.8)
2025-11-23 19:34:46,091 - Amadeus - INFO - Executing tool 'open_website' with args: {'query': 'Πελμινιούς'} (attempt 1)
2025-11-23 19:34:50,085 - faster_whisper - INFO - Processing audio with duration 00:02.554
2025-11-23 19:34:51,220 - faster_whisper - INFO - Detected language 'nn' with probability 0.16
2025-11-23 19:34:53,000 - Amadeus - INFO - Processing command: Let's go, let's go....
2025-11-23 19:34:54,099 - Amadeus - INFO - Tool selection: conversational (confidence: 1.0)
2025-11-23 19:34:57,876 - faster_whisper - INFO - Processing audio with duration 00:01.718
2025-11-23 19:34:58,592 - faster_whisper - INFO - Detected language 'en' with probability 0.29
2025-11-23 19:35:02,557 - faster_whisper - INFO - Processing audio with duration 00:02.368
2025-11-23 19:35:03,317 - faster_whisper - INFO - Detected language 'en' with probability 0.33
2025-11-23 19:35:04,137 - Amadeus - INFO - Processing command: Tell News...
2025-11-23 19:35:05,206 - Amadeus - INFO - Tool selection: get_news (confidence: 0.95)
2025-11-23 19:35:05,208 - Amadeus - INFO - Executing tool 'get_news' with args: {} (attempt 1)
2025-11-23 19:35:08,065 - faster_whisper - INFO - Processing audio with duration 00:01.950
2025-11-23 19:35:08,759 - faster_whisper - INFO - Detected language 'en' with probability 0.41
2025-11-23 19:35:11,471 - faster_whisper - INFO - Processing audio with duration 00:01.184
2025-11-23 19:35:12,136 - faster_whisper - INFO - Detected language 'en' with probability 0.44
2025-11-23 19:35:17,865 - faster_whisper - INFO - Processing audio with duration 00:04.110
2025-11-23 19:35:18,888 - faster_whisper - INFO - Detected language 'en' with probability 0.56
2025-11-23 19:35:19,951 - Amadeus - INFO - Processing command: ok, it is there any configuration issue....
2025-11-23 19:35:21,180 - Amadeus - INFO - Tool selection: system_status (confidence: 0.6)
2025-11-23 19:35:21,180 - Amadeus - INFO - Executing tool 'system_status' with args: {} (attempt 1)
2025-11-23 19:35:25,944 - faster_whisper - INFO - Processing audio with duration 00:01.625
2025-11-23 19:35:26,687 - faster_whisper - INFO - Detected language 'nn' with probability 0.30
2025-11-23 19:35:30,295 - faster_whisper - INFO - Processing audio with duration 00:01.834
2025-11-23 19:35:31,657 - faster_whisper - INFO - Detected language 'en' with probability 0.78
2025-11-23 19:35:33,794 - Amadeus - INFO - Processing command: And here to deal...
2025-11-23 19:35:34,901 - Amadeus - INFO - Tool selection: conversational (confidence: 1.0)
2025-11-23 19:35:39,017 - faster_whisper - INFO - Processing audio with duration 00:01.532
2025-11-23 19:35:39,702 - faster_whisper - INFO - Detected language 'nn' with probability 0.30
2025-11-23 19:35:42,577 - faster_whisper - INFO - Processing audio with duration 00:01.231
2025-11-23 19:35:43,248 - faster_whisper - INFO - Detected language 'en' with probability 0.70
2025-11-23 19:35:44,250 - Amadeus - INFO - Processing command: Share it down....
2025-11-23 19:35:45,552 - Amadeus - INFO - Tool selection: conversational (confidence: 1.0)
2025-11-23 19:35:50,056 - faster_whisper - INFO - Processing audio with duration 00:02.252
2025-11-23 19:35:51,192 - faster_whisper - INFO - Detected language 'en' with probability 0.69
2025-11-23 19:35:52,096 - Amadeus - INFO - Processing command: Shit down....
2025-11-23 19:35:53,345 - Amadeus - INFO - Tool selection: conversational (confidence: 1.0)
2025-11-23 19:35:53,765 - Amadeus - ERROR - Conversational reply error: 429 You exceeded your current quota, please check your plan and billing details. For more information on this error, head to: https://ai.google.dev/gemini-api/docs/rate-limits. To monitor your current usage, head to: https://ai.dev/usage?tab=rate-limit. 
* Quota exceeded for metric: generativelanguage.googleapis.com/generate_content_free_tier_requests, limit: 200, model: gemini-2.0-flash
Please retry in 7.187032571s. [links {
  description: "Learn more about Gemini API quotas"
  url: "https://ai.google.dev/gemini-api/docs/rate-limits"
}
, violations {
  quota_metric: "generativelanguage.googleapis.com/generate_content_free_tier_requests"
  quota_id: "GenerateRequestsPerDayPerProjectPerModel-FreeTier"
  quota_dimensions {
    key: "model"
    value: "gemini-2.0-flash"
  }
  quota_dimensions {
    key: "location"
    value: "global"
  }
  quota_value: 200
}
, retry_delay {
  seconds: 7
}
]
Traceback (most recent call last):
  File "C:\Users\ASUS\Downloads\vs code\.vscode\python\Amadeus-AI\Amadeus\amadeus.py", line 593, in _conversational_reply
    response = await asyncio.to_thread(
               ^^^^^^^^^^^^^^^^^^^^^^^^
        self.model.generate_content, full_prompt
        ^^^^^^^^^^^^^^^^^^^^^^^^^^^^^^^^^^^^^^^^
    )
    ^
  File "C:\Users\ASUS\AppData\Local\Programs\Python\Python313\Lib\asyncio\threads.py", line 25, in to_thread
    return await loop.run_in_executor(None, func_call)
           ^^^^^^^^^^^^^^^^^^^^^^^^^^^^^^^^^^^^^^^^^^^
  File "C:\Users\ASUS\AppData\Local\Programs\Python\Python313\Lib\concurrent\futures\thread.py", line 59, in run
    result = self.fn(*self.args, **self.kwargs)
  File "C:\Users\ASUS\Downloads\vs code\.vscode\python\Amadeus-AI\.venv\Lib\site-packages\google\generativeai\generative_models.py", line 331, in generate_content
    response = self._client.generate_content(
        request,
        **request_options,
    )
  File "C:\Users\ASUS\Downloads\vs code\.vscode\python\Amadeus-AI\.venv\Lib\site-packages\google\ai\generativelanguage_v1beta\services\generative_service\client.py", line 835, in generate_content
    response = rpc(
        request,
    ...<2 lines>...
        metadata=metadata,
    )
  File "C:\Users\ASUS\Downloads\vs code\.vscode\python\Amadeus-AI\.venv\Lib\site-packages\google\api_core\gapic_v1\method.py", line 131, in __call__
    return wrapped_func(*args, **kwargs)
  File "C:\Users\ASUS\Downloads\vs code\.vscode\python\Amadeus-AI\.venv\Lib\site-packages\google\api_core\retry\retry_unary.py", line 294, in retry_wrapped_func
    return retry_target(
        target,
    ...<3 lines>...
        on_error=on_error,
    )
  File "C:\Users\ASUS\Downloads\vs code\.vscode\python\Amadeus-AI\.venv\Lib\site-packages\google\api_core\retry\retry_unary.py", line 156, in retry_target
    next_sleep = _retry_error_helper(
        exc,
    ...<6 lines>...
        timeout,
    )
  File "C:\Users\ASUS\Downloads\vs code\.vscode\python\Amadeus-AI\.venv\Lib\site-packages\google\api_core\retry\retry_base.py", line 214, in _retry_error_helper
    raise final_exc from source_exc
  File "C:\Users\ASUS\Downloads\vs code\.vscode\python\Amadeus-AI\.venv\Lib\site-packages\google\api_core\retry\retry_unary.py", line 147, in retry_target
    result = target()
  File "C:\Users\ASUS\Downloads\vs code\.vscode\python\Amadeus-AI\.venv\Lib\site-packages\google\api_core\timeout.py", line 130, in func_with_timeout
    return func(*args, **kwargs)
  File "C:\Users\ASUS\Downloads\vs code\.vscode\python\Amadeus-AI\.venv\Lib\site-packages\google\api_core\grpc_helpers.py", line 78, in error_remapped_callable
    raise exceptions.from_grpc_error(exc) from exc
google.api_core.exceptions.ResourceExhausted: 429 You exceeded your current quota, please check your plan and billing details. For more information on this error, head to: https://ai.google.dev/gemini-api/docs/rate-limits. To monitor your current usage, head to: https://ai.dev/usage?tab=rate-limit. 
* Quota exceeded for metric: generativelanguage.googleapis.com/generate_content_free_tier_requests, limit: 200, model: gemini-2.0-flash
Please retry in 7.187032571s. [links {
  description: "Learn more about Gemini API quotas"
  url: "https://ai.google.dev/gemini-api/docs/rate-limits"
}
, violations {
  quota_metric: "generativelanguage.googleapis.com/generate_content_free_tier_requests"
  quota_id: "GenerateRequestsPerDayPerProjectPerModel-FreeTier"
  quota_dimensions {
    key: "model"
    value: "gemini-2.0-flash"
  }
  quota_dimensions {
    key: "location"
    value: "global"
  }
  quota_value: 200
}
, retry_delay {
  seconds: 7
}
]
2025-11-23 19:35:57,517 - faster_whisper - INFO - Processing audio with duration 00:01.997
2025-11-23 19:35:58,337 - faster_whisper - INFO - Detected language 'nn' with probability 0.31
2025-11-23 19:36:01,856 - faster_whisper - INFO - Processing audio with duration 00:01.649
2025-11-23 19:36:02,549 - faster_whisper - INFO - Detected language 'nn' with probability 0.32
2025-11-23 19:36:05,850 - faster_whisper - INFO - Processing audio with duration 00:01.625
2025-11-23 19:36:06,510 - faster_whisper - INFO - Detected language 'en' with probability 0.61
2025-11-23 19:36:08,266 - Amadeus - INFO - Processing command: .  Wait....
2025-11-23 19:36:08,487 - Amadeus - ERROR - Tool selection error: 429 You exceeded your current quota, please check your plan and billing details. For more information on this error, head to: https://ai.google.dev/gemini-api/docs/rate-limits. To monitor your current usage, head to: https://ai.dev/usage?tab=rate-limit. 
* Quota exceeded for metric: generativelanguage.googleapis.com/generate_content_free_tier_requests, limit: 200, model: gemini-2.0-flash
Please retry in 52.235579804s. [links {
  description: "Learn more about Gemini API quotas"
  url: "https://ai.google.dev/gemini-api/docs/rate-limits"
}
, violations {
  quota_metric: "generativelanguage.googleapis.com/generate_content_free_tier_requests"
  quota_id: "GenerateRequestsPerDayPerProjectPerModel-FreeTier"
  quota_dimensions {
    key: "model"
    value: "gemini-2.0-flash"
  }
  quota_dimensions {
    key: "location"
    value: "global"
  }
  quota_value: 200
}
, retry_delay {
  seconds: 52
}
]
Traceback (most recent call last):
  File "C:\Users\ASUS\Downloads\vs code\.vscode\python\Amadeus-AI\Amadeus\amadeus.py", line 490, in _select_tool
    response = await asyncio.to_thread(
               ^^^^^^^^^^^^^^^^^^^^^^^^
        self.model.generate_content, selection_prompt
        ^^^^^^^^^^^^^^^^^^^^^^^^^^^^^^^^^^^^^^^^^^^^^
    )
    ^
  File "C:\Users\ASUS\AppData\Local\Programs\Python\Python313\Lib\asyncio\threads.py", line 25, in to_thread
    return await loop.run_in_executor(None, func_call)
           ^^^^^^^^^^^^^^^^^^^^^^^^^^^^^^^^^^^^^^^^^^^
  File "C:\Users\ASUS\AppData\Local\Programs\Python\Python313\Lib\concurrent\futures\thread.py", line 59, in run
    result = self.fn(*self.args, **self.kwargs)
  File "C:\Users\ASUS\Downloads\vs code\.vscode\python\Amadeus-AI\.venv\Lib\site-packages\google\generativeai\generative_models.py", line 331, in generate_content
    response = self._client.generate_content(
        request,
        **request_options,
    )
  File "C:\Users\ASUS\Downloads\vs code\.vscode\python\Amadeus-AI\.venv\Lib\site-packages\google\ai\generativelanguage_v1beta\services\generative_service\client.py", line 835, in generate_content
    response = rpc(
        request,
    ...<2 lines>...
        metadata=metadata,
    )
  File "C:\Users\ASUS\Downloads\vs code\.vscode\python\Amadeus-AI\.venv\Lib\site-packages\google\api_core\gapic_v1\method.py", line 131, in __call__
    return wrapped_func(*args, **kwargs)
  File "C:\Users\ASUS\Downloads\vs code\.vscode\python\Amadeus-AI\.venv\Lib\site-packages\google\api_core\retry\retry_unary.py", line 294, in retry_wrapped_func
    return retry_target(
        target,
    ...<3 lines>...
        on_error=on_error,
    )
  File "C:\Users\ASUS\Downloads\vs code\.vscode\python\Amadeus-AI\.venv\Lib\site-packages\google\api_core\retry\retry_unary.py", line 156, in retry_target
    next_sleep = _retry_error_helper(
        exc,
    ...<6 lines>...
        timeout,
    )
  File "C:\Users\ASUS\Downloads\vs code\.vscode\python\Amadeus-AI\.venv\Lib\site-packages\google\api_core\retry\retry_base.py", line 214, in _retry_error_helper
    raise final_exc from source_exc
  File "C:\Users\ASUS\Downloads\vs code\.vscode\python\Amadeus-AI\.venv\Lib\site-packages\google\api_core\retry\retry_unary.py", line 147, in retry_target
    result = target()
  File "C:\Users\ASUS\Downloads\vs code\.vscode\python\Amadeus-AI\.venv\Lib\site-packages\google\api_core\timeout.py", line 130, in func_with_timeout
    return func(*args, **kwargs)
  File "C:\Users\ASUS\Downloads\vs code\.vscode\python\Amadeus-AI\.venv\Lib\site-packages\google\api_core\grpc_helpers.py", line 78, in error_remapped_callable
    raise exceptions.from_grpc_error(exc) from exc
google.api_core.exceptions.ResourceExhausted: 429 You exceeded your current quota, please check your plan and billing details. For more information on this error, head to: https://ai.google.dev/gemini-api/docs/rate-limits. To monitor your current usage, head to: https://ai.dev/usage?tab=rate-limit. 
* Quota exceeded for metric: generativelanguage.googleapis.com/generate_content_free_tier_requests, limit: 200, model: gemini-2.0-flash
Please retry in 52.235579804s. [links {
  description: "Learn more about Gemini API quotas"
  url: "https://ai.google.dev/gemini-api/docs/rate-limits"
}
, violations {
  quota_metric: "generativelanguage.googleapis.com/generate_content_free_tier_requests"
  quota_id: "GenerateRequestsPerDayPerProjectPerModel-FreeTier"
  quota_dimensions {
    key: "model"
    value: "gemini-2.0-flash"
  }
  quota_dimensions {
    key: "location"
    value: "global"
  }
  quota_value: 200
}
, retry_delay {
  seconds: 52
}
]
2025-11-23 19:36:10,898 - faster_whisper - INFO - Processing audio with duration 00:01.347
2025-11-23 19:36:11,559 - faster_whisper - INFO - Detected language 'en' with probability 0.65
2025-11-23 19:36:13,358 - Amadeus - INFO - Processing command: Great....
2025-11-23 19:36:13,718 - Amadeus - ERROR - Tool selection error: 429 You exceeded your current quota, please check your plan and billing details. For more information on this error, head to: https://ai.google.dev/gemini-api/docs/rate-limits. To monitor your current usage, head to: https://ai.dev/usage?tab=rate-limit. 
* Quota exceeded for metric: generativelanguage.googleapis.com/generate_content_free_tier_requests, limit: 200, model: gemini-2.0-flash
Please retry in 47.117884556s. [links {
  description: "Learn more about Gemini API quotas"
  url: "https://ai.google.dev/gemini-api/docs/rate-limits"
}
, violations {
  quota_metric: "generativelanguage.googleapis.com/generate_content_free_tier_requests"
  quota_id: "GenerateRequestsPerDayPerProjectPerModel-FreeTier"
  quota_dimensions {
    key: "model"
    value: "gemini-2.0-flash"
  }
  quota_dimensions {
    key: "location"
    value: "global"
  }
  quota_value: 200
}
, retry_delay {
  seconds: 47
}
]
Traceback (most recent call last):
  File "C:\Users\ASUS\Downloads\vs code\.vscode\python\Amadeus-AI\Amadeus\amadeus.py", line 490, in _select_tool
    response = await asyncio.to_thread(
               ^^^^^^^^^^^^^^^^^^^^^^^^
        self.model.generate_content, selection_prompt
        ^^^^^^^^^^^^^^^^^^^^^^^^^^^^^^^^^^^^^^^^^^^^^
    )
    ^
  File "C:\Users\ASUS\AppData\Local\Programs\Python\Python313\Lib\asyncio\threads.py", line 25, in to_thread
    return await loop.run_in_executor(None, func_call)
           ^^^^^^^^^^^^^^^^^^^^^^^^^^^^^^^^^^^^^^^^^^^
  File "C:\Users\ASUS\AppData\Local\Programs\Python\Python313\Lib\concurrent\futures\thread.py", line 59, in run
    result = self.fn(*self.args, **self.kwargs)
  File "C:\Users\ASUS\Downloads\vs code\.vscode\python\Amadeus-AI\.venv\Lib\site-packages\google\generativeai\generative_models.py", line 331, in generate_content
    response = self._client.generate_content(
        request,
        **request_options,
    )
  File "C:\Users\ASUS\Downloads\vs code\.vscode\python\Amadeus-AI\.venv\Lib\site-packages\google\ai\generativelanguage_v1beta\services\generative_service\client.py", line 835, in generate_content
    response = rpc(
        request,
    ...<2 lines>...
        metadata=metadata,
    )
  File "C:\Users\ASUS\Downloads\vs code\.vscode\python\Amadeus-AI\.venv\Lib\site-packages\google\api_core\gapic_v1\method.py", line 131, in __call__
    return wrapped_func(*args, **kwargs)
  File "C:\Users\ASUS\Downloads\vs code\.vscode\python\Amadeus-AI\.venv\Lib\site-packages\google\api_core\retry\retry_unary.py", line 294, in retry_wrapped_func
    return retry_target(
        target,
    ...<3 lines>...
        on_error=on_error,
    )
  File "C:\Users\ASUS\Downloads\vs code\.vscode\python\Amadeus-AI\.venv\Lib\site-packages\google\api_core\retry\retry_unary.py", line 156, in retry_target
    next_sleep = _retry_error_helper(
        exc,
    ...<6 lines>...
        timeout,
    )
  File "C:\Users\ASUS\Downloads\vs code\.vscode\python\Amadeus-AI\.venv\Lib\site-packages\google\api_core\retry\retry_base.py", line 214, in _retry_error_helper
    raise final_exc from source_exc
  File "C:\Users\ASUS\Downloads\vs code\.vscode\python\Amadeus-AI\.venv\Lib\site-packages\google\api_core\retry\retry_unary.py", line 147, in retry_target
    result = target()
  File "C:\Users\ASUS\Downloads\vs code\.vscode\python\Amadeus-AI\.venv\Lib\site-packages\google\api_core\timeout.py", line 130, in func_with_timeout
    return func(*args, **kwargs)
  File "C:\Users\ASUS\Downloads\vs code\.vscode\python\Amadeus-AI\.venv\Lib\site-packages\google\api_core\grpc_helpers.py", line 78, in error_remapped_callable
    raise exceptions.from_grpc_error(exc) from exc
google.api_core.exceptions.ResourceExhausted: 429 You exceeded your current quota, please check your plan and billing details. For more information on this error, head to: https://ai.google.dev/gemini-api/docs/rate-limits. To monitor your current usage, head to: https://ai.dev/usage?tab=rate-limit. 
* Quota exceeded for metric: generativelanguage.googleapis.com/generate_content_free_tier_requests, limit: 200, model: gemini-2.0-flash
Please retry in 47.117884556s. [links {
  description: "Learn more about Gemini API quotas"
  url: "https://ai.google.dev/gemini-api/docs/rate-limits"
}
, violations {
  quota_metric: "generativelanguage.googleapis.com/generate_content_free_tier_requests"
  quota_id: "GenerateRequestsPerDayPerProjectPerModel-FreeTier"
  quota_dimensions {
    key: "model"
    value: "gemini-2.0-flash"
  }
  quota_dimensions {
    key: "location"
    value: "global"
  }
  quota_value: 200
}
, retry_delay {
  seconds: 47
}
]
2025-11-23 19:36:16,535 - faster_whisper - INFO - Processing audio with duration 00:01.997
2025-11-23 19:36:17,225 - faster_whisper - INFO - Detected language 'en' with probability 0.66
2025-11-23 19:36:19,133 - Amadeus - INFO - Processing command: Wait....
2025-11-23 19:36:19,452 - Amadeus - ERROR - Tool selection error: 429 You exceeded your current quota, please check your plan and billing details. For more information on this error, head to: https://ai.google.dev/gemini-api/docs/rate-limits. To monitor your current usage, head to: https://ai.dev/usage?tab=rate-limit. 
* Quota exceeded for metric: generativelanguage.googleapis.com/generate_content_free_tier_requests, limit: 200, model: gemini-2.0-flash
Please retry in 41.368621698s. [links {
  description: "Learn more about Gemini API quotas"
  url: "https://ai.google.dev/gemini-api/docs/rate-limits"
}
, violations {
  quota_metric: "generativelanguage.googleapis.com/generate_content_free_tier_requests"
  quota_id: "GenerateRequestsPerDayPerProjectPerModel-FreeTier"
  quota_dimensions {
    key: "model"
    value: "gemini-2.0-flash"
  }
  quota_dimensions {
    key: "location"
    value: "global"
  }
  quota_value: 200
}
, retry_delay {
  seconds: 41
}
]
Traceback (most recent call last):
  File "C:\Users\ASUS\Downloads\vs code\.vscode\python\Amadeus-AI\Amadeus\amadeus.py", line 490, in _select_tool
    response = await asyncio.to_thread(
               ^^^^^^^^^^^^^^^^^^^^^^^^
        self.model.generate_content, selection_prompt
        ^^^^^^^^^^^^^^^^^^^^^^^^^^^^^^^^^^^^^^^^^^^^^
    )
    ^
  File "C:\Users\ASUS\AppData\Local\Programs\Python\Python313\Lib\asyncio\threads.py", line 25, in to_thread
    return await loop.run_in_executor(None, func_call)
           ^^^^^^^^^^^^^^^^^^^^^^^^^^^^^^^^^^^^^^^^^^^
  File "C:\Users\ASUS\AppData\Local\Programs\Python\Python313\Lib\concurrent\futures\thread.py", line 59, in run
    result = self.fn(*self.args, **self.kwargs)
  File "C:\Users\ASUS\Downloads\vs code\.vscode\python\Amadeus-AI\.venv\Lib\site-packages\google\generativeai\generative_models.py", line 331, in generate_content
    response = self._client.generate_content(
        request,
        **request_options,
    )
  File "C:\Users\ASUS\Downloads\vs code\.vscode\python\Amadeus-AI\.venv\Lib\site-packages\google\ai\generativelanguage_v1beta\services\generative_service\client.py", line 835, in generate_content
    response = rpc(
        request,
    ...<2 lines>...
        metadata=metadata,
    )
  File "C:\Users\ASUS\Downloads\vs code\.vscode\python\Amadeus-AI\.venv\Lib\site-packages\google\api_core\gapic_v1\method.py", line 131, in __call__
    return wrapped_func(*args, **kwargs)
  File "C:\Users\ASUS\Downloads\vs code\.vscode\python\Amadeus-AI\.venv\Lib\site-packages\google\api_core\retry\retry_unary.py", line 294, in retry_wrapped_func
    return retry_target(
        target,
    ...<3 lines>...
        on_error=on_error,
    )
  File "C:\Users\ASUS\Downloads\vs code\.vscode\python\Amadeus-AI\.venv\Lib\site-packages\google\api_core\retry\retry_unary.py", line 156, in retry_target
    next_sleep = _retry_error_helper(
        exc,
    ...<6 lines>...
        timeout,
    )
  File "C:\Users\ASUS\Downloads\vs code\.vscode\python\Amadeus-AI\.venv\Lib\site-packages\google\api_core\retry\retry_base.py", line 214, in _retry_error_helper
    raise final_exc from source_exc
  File "C:\Users\ASUS\Downloads\vs code\.vscode\python\Amadeus-AI\.venv\Lib\site-packages\google\api_core\retry\retry_unary.py", line 147, in retry_target
    result = target()
  File "C:\Users\ASUS\Downloads\vs code\.vscode\python\Amadeus-AI\.venv\Lib\site-packages\google\api_core\timeout.py", line 130, in func_with_timeout
    return func(*args, **kwargs)
  File "C:\Users\ASUS\Downloads\vs code\.vscode\python\Amadeus-AI\.venv\Lib\site-packages\google\api_core\grpc_helpers.py", line 78, in error_remapped_callable
    raise exceptions.from_grpc_error(exc) from exc
google.api_core.exceptions.ResourceExhausted: 429 You exceeded your current quota, please check your plan and billing details. For more information on this error, head to: https://ai.google.dev/gemini-api/docs/rate-limits. To monitor your current usage, head to: https://ai.dev/usage?tab=rate-limit. 
* Quota exceeded for metric: generativelanguage.googleapis.com/generate_content_free_tier_requests, limit: 200, model: gemini-2.0-flash
Please retry in 41.368621698s. [links {
  description: "Learn more about Gemini API quotas"
  url: "https://ai.google.dev/gemini-api/docs/rate-limits"
}
, violations {
  quota_metric: "generativelanguage.googleapis.com/generate_content_free_tier_requests"
  quota_id: "GenerateRequestsPerDayPerProjectPerModel-FreeTier"
  quota_dimensions {
    key: "model"
    value: "gemini-2.0-flash"
  }
  quota_dimensions {
    key: "location"
    value: "global"
  }
  quota_value: 200
}
, retry_delay {
  seconds: 41
}
]
2025-11-23 19:36:22,158 - faster_whisper - INFO - Processing audio with duration 00:01.927
2025-11-23 19:36:23,387 - faster_whisper - INFO - Detected language 'en' with probability 0.33
2025-11-23 19:36:30,237 - faster_whisper - INFO - Processing audio with duration 00:01.556
2025-11-23 19:36:30,969 - faster_whisper - INFO - Detected language 'en' with probability 0.76
2025-11-23 19:36:38,177 - Amadeus - INFO - Amadeus shutdown complete
